<?xml version="1.0" encoding="UTF-8"?>
<!-- Generated by org.testng.reporters.JUnitReportReporter -->
<testsuite hostname="LAPTOP-T9COJK2G" failures="0" tests="4" name="swaglab.SauceDemoTest" time="4.367" errors="0" timestamp="2025-04-19T17:43:15 IST" skipped="0">
  <testcase classname="swaglab.SauceDemoTest" name="loginWithValidCredentials" time="2.276"/>
  <testcase classname="swaglab.SauceDemoTest" name="filterProductsLowToHigh" time="0.222"/>
  <testcase classname="swaglab.SauceDemoTest" name="addProductToCart" time="0.278"/>
  <testcase classname="swaglab.SauceDemoTest" name="completeCheckout" time="1.591"/>
</testsuite> <!-- swaglab.SauceDemoTest -->
